0 info it worked if it ends with ok
1 verbose cli [ '/home/manishjain/.nvm/versions/node/v6.9.4/bin/node',
1 verbose cli   '/home/manishjain/.nvm/versions/node/v6.9.4/bin/npm',
1 verbose cli   'run',
1 verbose cli   'dev' ]
2 info using npm@3.10.10
3 info using node@v6.9.4
4 verbose run-script [ 'predev', 'dev', 'postdev' ]
5 info lifecycle vue-lite-playground@1.0.0~predev: vue-lite-playground@1.0.0
6 silly lifecycle vue-lite-playground@1.0.0~predev: no script for predev, continuing
7 info lifecycle vue-lite-playground@1.0.0~dev: vue-lite-playground@1.0.0
8 verbose lifecycle vue-lite-playground@1.0.0~dev: unsafe-perm in lifecycle true
9 verbose lifecycle vue-lite-playground@1.0.0~dev: PATH: /home/manishjain/.nvm/versions/node/v6.9.4/lib/node_modules/npm/bin/node-gyp-bin:/media/manishjain/New Volume/Concepts/Javascript-Lite/vue-lite-playground/node_modules/.bin:/home/manishjain/.nvm/versions/node/v6.9.4/bin:/home/manishjain/bin:/home/manishjain/.local/bin:/usr/local/sbin:/usr/local/bin:/usr/sbin:/usr/bin:/sbin:/bin:/usr/games:/usr/local/games:/snap/bin:/usr/lib/jvm/java-8-oracle/bin:/usr/lib/jvm/java-8-oracle/db/bin:/usr/lib/jvm/java-8-oracle/jre/bin
10 verbose lifecycle vue-lite-playground@1.0.0~dev: CWD: /media/manishjain/New Volume/Concepts/Javascript-Lite/vue-lite-playground
11 silly lifecycle vue-lite-playground@1.0.0~dev: Args: [ '-c', 'webpack-dev-server --open --mode development' ]
12 silly lifecycle vue-lite-playground@1.0.0~dev: Returned: code: 1  signal: null
13 info lifecycle vue-lite-playground@1.0.0~dev: Failed to exec dev script
14 verbose stack Error: vue-lite-playground@1.0.0 dev: `webpack-dev-server --open --mode development`
14 verbose stack Exit status 1
14 verbose stack     at EventEmitter.<anonymous> (/home/manishjain/.nvm/versions/node/v6.9.4/lib/node_modules/npm/lib/utils/lifecycle.js:255:16)
14 verbose stack     at emitTwo (events.js:106:13)
14 verbose stack     at EventEmitter.emit (events.js:191:7)
14 verbose stack     at ChildProcess.<anonymous> (/home/manishjain/.nvm/versions/node/v6.9.4/lib/node_modules/npm/lib/utils/spawn.js:40:14)
14 verbose stack     at emitTwo (events.js:106:13)
14 verbose stack     at ChildProcess.emit (events.js:191:7)
14 verbose stack     at maybeClose (internal/child_process.js:877:16)
14 verbose stack     at Process.ChildProcess._handle.onexit (internal/child_process.js:226:5)
15 verbose pkgid vue-lite-playground@1.0.0
16 verbose cwd /media/manishjain/New Volume/Concepts/Javascript-Lite/vue-lite-playground
17 error Linux 4.4.0-135-generic
18 error argv "/home/manishjain/.nvm/versions/node/v6.9.4/bin/node" "/home/manishjain/.nvm/versions/node/v6.9.4/bin/npm" "run" "dev"
19 error node v6.9.4
20 error npm  v3.10.10
21 error code ELIFECYCLE
22 error vue-lite-playground@1.0.0 dev: `webpack-dev-server --open --mode development`
22 error Exit status 1
23 error Failed at the vue-lite-playground@1.0.0 dev script 'webpack-dev-server --open --mode development'.
23 error Make sure you have the latest version of node.js and npm installed.
23 error If you do, this is most likely a problem with the vue-lite-playground package,
23 error not with npm itself.
23 error Tell the author that this fails on your system:
23 error     webpack-dev-server --open --mode development
23 error You can get information on how to open an issue for this project with:
23 error     npm bugs vue-lite-playground
23 error Or if that isn't available, you can get their info via:
23 error     npm owner ls vue-lite-playground
23 error There is likely additional logging output above.
24 verbose exit [ 1, true ]
